<?xml version="1.0" encoding="UTF-8"?>
<!-- Generated by org.testng.reporters.JUnitXMLReporter -->
<testsuite hostname="LAPTOP-CMPLGDPF" ignored="0" name="Default test" tests="5" failures="1" timestamp="2020-11-16T18:03:37 IST" time="0.161" errors="0">
  <testcase name="add_new_player" time="0.039" classname="com.qainfotech.tap.training.snl.api.BoardTest"/>
  <testcase name="delete_a_player" time="0.014" classname="com.qainfotech.tap.training.snl.api.BoardTest">
    <failure type="org.json.JSONException" message="JSONObject[&amp;quot;uuid&amp;quot;] not a string.">
      <![CDATA[org.json.JSONException: JSONObject["uuid"] not a string.
at org.json.JSONObject.getString(JSONObject.java:721)
at com.qainfotech.tap.training.snl.api.Board.deletePlayer(Board.java:105)
at com.qainfotech.tap.training.snl.api.BoardTest.delete_a_player(BoardTest.java:87)
at sun.reflect.NativeMethodAccessorImpl.invoke0(Native Method)
at sun.reflect.NativeMethodAccessorImpl.invoke(Unknown Source)
at sun.reflect.DelegatingMethodAccessorImpl.invoke(Unknown Source)
at java.lang.reflect.Method.invoke(Unknown Source)
at org.testng.internal.MethodInvocationHelper.invokeMethod(MethodInvocationHelper.java:132)
at org.testng.internal.TestInvoker.invokeMethod(TestInvoker.java:599)
at org.testng.internal.TestInvoker.invokeTestMethod(TestInvoker.java:174)
at org.testng.internal.MethodRunner.runInSequence(MethodRunner.java:46)
at org.testng.internal.TestInvoker$MethodInvocationAgent.invoke(TestInvoker.java:822)
at org.testng.internal.TestInvoker.invokeTestMethods(TestInvoker.java:147)
at org.testng.internal.TestMethodWorker.invokeTestMethods(TestMethodWorker.java:146)
at org.testng.internal.TestMethodWorker.run(TestMethodWorker.java:128)
at java.util.ArrayList.forEach(Unknown Source)
at org.testng.TestRunner.privateRun(TestRunner.java:764)
at org.testng.TestRunner.run(TestRunner.java:585)
at org.testng.SuiteRunner.runTest(SuiteRunner.java:384)
at org.testng.SuiteRunner.runSequentially(SuiteRunner.java:378)
at org.testng.SuiteRunner.privateRun(SuiteRunner.java:337)
at org.testng.SuiteRunner.run(SuiteRunner.java:286)
at org.testng.SuiteRunnerWorker.runSuite(SuiteRunnerWorker.java:53)
at org.testng.SuiteRunnerWorker.run(SuiteRunnerWorker.java:96)
at org.testng.TestNG.runSuitesSequentially(TestNG.java:1218)
at org.testng.TestNG.runSuitesLocally(TestNG.java:1140)
at org.testng.TestNG.runSuites(TestNG.java:1069)
at org.testng.TestNG.run(TestNG.java:1037)
at org.testng.remote.AbstractRemoteTestNG.run(AbstractRemoteTestNG.java:115)
at org.testng.remote.RemoteTestNG.initAndRun(RemoteTestNG.java:251)
at org.testng.remote.RemoteTestNG.main(RemoteTestNG.java:77)
]]>
    </failure>
  </testcase> <!-- delete_a_player -->
  <testcase name="intializeboard" time="0.014" classname="com.qainfotech.tap.training.snl.api.BoardTest"/>
  <testcase name="player_climb_a_ladder" time="0.013" classname="com.qainfotech.tap.training.snl.api.BoardTest"/>
  <testcase name="roll_a_dice" time="0.017" classname="com.qainfotech.tap.training.snl.api.BoardTest"/>
</testsuite> <!-- Default test -->
